<?xml version="1.0" encoding="UTF-8"?>
<testsuite xmlns:xsi="http://www.w3.org/2001/XMLSchema-instance" xsi:noNamespaceSchemaLocation="https://maven.apache.org/surefire/maven-surefire-plugin/xsd/surefire-test-report.xsd" name="com.jonathan.github.addressapi.rest.resources.AddressResourcesTest" time="0.734" tests="1" errors="0" skipped="0" failures="1">
  <properties>
    <property name="java.specification.version" value="17"/>
    <property name="sun.jnu.encoding" value="UTF-8"/>
    <property name="java.class.path" value="/home/x_olivejo1/Documents/desafio-spring-main/target/test-classes:/home/x_olivejo1/Documents/desafio-spring-main/target/classes:/home/x_olivejo1/.m2/repository/org/springframework/boot/spring-boot-starter-web/3.0.6/spring-boot-starter-web-3.0.6.jar:/home/x_olivejo1/.m2/repository/org/springframework/boot/spring-boot-starter/3.0.6/spring-boot-starter-3.0.6.jar:/home/x_olivejo1/.m2/repository/org/springframework/boot/spring-boot-starter-logging/3.0.6/spring-boot-starter-logging-3.0.6.jar:/home/x_olivejo1/.m2/repository/ch/qos/logback/logback-classic/1.4.7/logback-classic-1.4.7.jar:/home/x_olivejo1/.m2/repository/ch/qos/logback/logback-core/1.4.7/logback-core-1.4.7.jar:/home/x_olivejo1/.m2/repository/org/apache/logging/log4j/log4j-to-slf4j/2.19.0/log4j-to-slf4j-2.19.0.jar:/home/x_olivejo1/.m2/repository/org/apache/logging/log4j/log4j-api/2.19.0/log4j-api-2.19.0.jar:/home/x_olivejo1/.m2/repository/org/slf4j/jul-to-slf4j/2.0.7/jul-to-slf4j-2.0.7.jar:/home/x_olivejo1/.m2/repository/org/yaml/snakeyaml/1.33/snakeyaml-1.33.jar:/home/x_olivejo1/.m2/repository/org/springframework/boot/spring-boot-starter-json/3.0.6/spring-boot-starter-json-3.0.6.jar:/home/x_olivejo1/.m2/repository/com/fasterxml/jackson/datatype/jackson-datatype-jdk8/2.14.2/jackson-datatype-jdk8-2.14.2.jar:/home/x_olivejo1/.m2/repository/com/fasterxml/jackson/datatype/jackson-datatype-jsr310/2.14.2/jackson-datatype-jsr310-2.14.2.jar:/home/x_olivejo1/.m2/repository/com/fasterxml/jackson/module/jackson-module-parameter-names/2.14.2/jackson-module-parameter-names-2.14.2.jar:/home/x_olivejo1/.m2/repository/org/springframework/boot/spring-boot-starter-tomcat/3.0.6/spring-boot-starter-tomcat-3.0.6.jar:/home/x_olivejo1/.m2/repository/org/apache/tomcat/embed/tomcat-embed-core/10.1.8/tomcat-embed-core-10.1.8.jar:/home/x_olivejo1/.m2/repository/org/apache/tomcat/embed/tomcat-embed-websocket/10.1.8/tomcat-embed-websocket-10.1.8.jar:/home/x_olivejo1/.m2/repository/org/springframework/spring-web/6.0.8/spring-web-6.0.8.jar:/home/x_olivejo1/.m2/repository/org/springframework/spring-beans/6.0.8/spring-beans-6.0.8.jar:/home/x_olivejo1/.m2/repository/io/micrometer/micrometer-observation/1.10.6/micrometer-observation-1.10.6.jar:/home/x_olivejo1/.m2/repository/io/micrometer/micrometer-commons/1.10.6/micrometer-commons-1.10.6.jar:/home/x_olivejo1/.m2/repository/org/springframework/spring-webmvc/6.0.8/spring-webmvc-6.0.8.jar:/home/x_olivejo1/.m2/repository/org/springframework/spring-aop/6.0.8/spring-aop-6.0.8.jar:/home/x_olivejo1/.m2/repository/org/springframework/spring-context/6.0.8/spring-context-6.0.8.jar:/home/x_olivejo1/.m2/repository/org/springframework/spring-expression/6.0.8/spring-expression-6.0.8.jar:/home/x_olivejo1/.m2/repository/org/springframework/boot/spring-boot-devtools/3.0.6/spring-boot-devtools-3.0.6.jar:/home/x_olivejo1/.m2/repository/org/springframework/boot/spring-boot/3.0.6/spring-boot-3.0.6.jar:/home/x_olivejo1/.m2/repository/org/springframework/boot/spring-boot-autoconfigure/3.0.6/spring-boot-autoconfigure-3.0.6.jar:/home/x_olivejo1/.m2/repository/org/projectlombok/lombok/1.18.26/lombok-1.18.26.jar:/home/x_olivejo1/.m2/repository/org/springframework/boot/spring-boot-starter-test/3.0.6/spring-boot-starter-test-3.0.6.jar:/home/x_olivejo1/.m2/repository/org/springframework/boot/spring-boot-test/3.0.6/spring-boot-test-3.0.6.jar:/home/x_olivejo1/.m2/repository/org/springframework/boot/spring-boot-test-autoconfigure/3.0.6/spring-boot-test-autoconfigure-3.0.6.jar:/home/x_olivejo1/.m2/repository/com/jayway/jsonpath/json-path/2.7.0/json-path-2.7.0.jar:/home/x_olivejo1/.m2/repository/net/minidev/json-smart/2.4.10/json-smart-2.4.10.jar:/home/x_olivejo1/.m2/repository/net/minidev/accessors-smart/2.4.9/accessors-smart-2.4.9.jar:/home/x_olivejo1/.m2/repository/org/ow2/asm/asm/9.3/asm-9.3.jar:/home/x_olivejo1/.m2/repository/jakarta/xml/bind/jakarta.xml.bind-api/4.0.0/jakarta.xml.bind-api-4.0.0.jar:/home/x_olivejo1/.m2/repository/jakarta/activation/jakarta.activation-api/2.1.1/jakarta.activation-api-2.1.1.jar:/home/x_olivejo1/.m2/repository/org/assertj/assertj-core/3.23.1/assertj-core-3.23.1.jar:/home/x_olivejo1/.m2/repository/net/bytebuddy/byte-buddy/1.12.23/byte-buddy-1.12.23.jar:/home/x_olivejo1/.m2/repository/org/hamcrest/hamcrest/2.2/hamcrest-2.2.jar:/home/x_olivejo1/.m2/repository/org/junit/jupiter/junit-jupiter/5.9.2/junit-jupiter-5.9.2.jar:/home/x_olivejo1/.m2/repository/org/junit/jupiter/junit-jupiter-api/5.9.2/junit-jupiter-api-5.9.2.jar:/home/x_olivejo1/.m2/repository/org/opentest4j/opentest4j/1.2.0/opentest4j-1.2.0.jar:/home/x_olivejo1/.m2/repository/org/junit/platform/junit-platform-commons/1.9.2/junit-platform-commons-1.9.2.jar:/home/x_olivejo1/.m2/repository/org/apiguardian/apiguardian-api/1.1.2/apiguardian-api-1.1.2.jar:/home/x_olivejo1/.m2/repository/org/junit/jupiter/junit-jupiter-params/5.9.2/junit-jupiter-params-5.9.2.jar:/home/x_olivejo1/.m2/repository/org/junit/jupiter/junit-jupiter-engine/5.9.2/junit-jupiter-engine-5.9.2.jar:/home/x_olivejo1/.m2/repository/org/junit/platform/junit-platform-engine/1.9.2/junit-platform-engine-1.9.2.jar:/home/x_olivejo1/.m2/repository/org/mockito/mockito-core/4.8.1/mockito-core-4.8.1.jar:/home/x_olivejo1/.m2/repository/net/bytebuddy/byte-buddy-agent/1.12.23/byte-buddy-agent-1.12.23.jar:/home/x_olivejo1/.m2/repository/org/objenesis/objenesis/3.2/objenesis-3.2.jar:/home/x_olivejo1/.m2/repository/org/mockito/mockito-junit-jupiter/4.8.1/mockito-junit-jupiter-4.8.1.jar:/home/x_olivejo1/.m2/repository/org/skyscreamer/jsonassert/1.5.1/jsonassert-1.5.1.jar:/home/x_olivejo1/.m2/repository/com/vaadin/external/google/android-json/0.0.20131108.vaadin1/android-json-0.0.20131108.vaadin1.jar:/home/x_olivejo1/.m2/repository/org/springframework/spring-core/6.0.8/spring-core-6.0.8.jar:/home/x_olivejo1/.m2/repository/org/springframework/spring-jcl/6.0.8/spring-jcl-6.0.8.jar:/home/x_olivejo1/.m2/repository/org/springframework/spring-test/6.0.8/spring-test-6.0.8.jar:/home/x_olivejo1/.m2/repository/org/xmlunit/xmlunit-core/2.9.1/xmlunit-core-2.9.1.jar:/home/x_olivejo1/.m2/repository/jakarta/ws/rs/jakarta.ws.rs-api/3.1.0/jakarta.ws.rs-api-3.1.0.jar:/home/x_olivejo1/.m2/repository/com/google/code/gson/gson/2.10.1/gson-2.10.1.jar:/home/x_olivejo1/.m2/repository/com/google/maps/google-maps-services/2.2.0/google-maps-services-2.2.0.jar:/home/x_olivejo1/.m2/repository/com/squareup/okhttp3/okhttp/4.10.0/okhttp-4.10.0.jar:/home/x_olivejo1/.m2/repository/com/squareup/okio/okio-jvm/3.0.0/okio-jvm-3.0.0.jar:/home/x_olivejo1/.m2/repository/org/jetbrains/kotlin/kotlin-stdlib-jdk8/1.7.22/kotlin-stdlib-jdk8-1.7.22.jar:/home/x_olivejo1/.m2/repository/org/jetbrains/kotlin/kotlin-stdlib-jdk7/1.7.22/kotlin-stdlib-jdk7-1.7.22.jar:/home/x_olivejo1/.m2/repository/org/jetbrains/kotlin/kotlin-stdlib-common/1.7.22/kotlin-stdlib-common-1.7.22.jar:/home/x_olivejo1/.m2/repository/org/jetbrains/kotlin/kotlin-stdlib/1.7.22/kotlin-stdlib-1.7.22.jar:/home/x_olivejo1/.m2/repository/org/jetbrains/annotations/13.0/annotations-13.0.jar:/home/x_olivejo1/.m2/repository/io/opencensus/opencensus-api/0.31.0/opencensus-api-0.31.0.jar:/home/x_olivejo1/.m2/repository/io/grpc/grpc-context/1.27.2/grpc-context-1.27.2.jar:/home/x_olivejo1/.m2/repository/org/slf4j/slf4j-api/2.0.7/slf4j-api-2.0.7.jar:/home/x_olivejo1/.m2/repository/org/slf4j/slf4j-simple/1.7.25/slf4j-simple-1.7.25.jar:/home/x_olivejo1/.m2/repository/javax/ws/rs/javax.ws.rs-api/2.0/javax.ws.rs-api-2.0.jar:/home/x_olivejo1/.m2/repository/com/fasterxml/jackson/dataformat/jackson-dataformat-xml/2.14.2/jackson-dataformat-xml-2.14.2.jar:/home/x_olivejo1/.m2/repository/com/fasterxml/jackson/core/jackson-core/2.14.2/jackson-core-2.14.2.jar:/home/x_olivejo1/.m2/repository/com/fasterxml/jackson/core/jackson-annotations/2.14.2/jackson-annotations-2.14.2.jar:/home/x_olivejo1/.m2/repository/com/fasterxml/jackson/core/jackson-databind/2.14.2/jackson-databind-2.14.2.jar:/home/x_olivejo1/.m2/repository/org/codehaus/woodstox/stax2-api/4.2.1/stax2-api-4.2.1.jar:/home/x_olivejo1/.m2/repository/com/fasterxml/woodstox/woodstox-core/6.5.0/woodstox-core-6.5.0.jar:/home/x_olivejo1/.m2/repository/org/glassfish/jersey/core/jersey-common/3.1.1/jersey-common-3.1.1.jar:/home/x_olivejo1/.m2/repository/jakarta/annotation/jakarta.annotation-api/2.1.1/jakarta.annotation-api-2.1.1.jar:/home/x_olivejo1/.m2/repository/jakarta/inject/jakarta.inject-api/2.0.1/jakarta.inject-api-2.0.1.jar:/home/x_olivejo1/.m2/repository/org/glassfish/hk2/osgi-resource-locator/1.0.3/osgi-resource-locator-1.0.3.jar:/home/x_olivejo1/.m2/repository/org/springframework/boot/spring-boot-starter-validation/3.0.6/spring-boot-starter-validation-3.0.6.jar:/home/x_olivejo1/.m2/repository/org/apache/tomcat/embed/tomcat-embed-el/10.1.8/tomcat-embed-el-10.1.8.jar:/home/x_olivejo1/.m2/repository/org/hibernate/validator/hibernate-validator/8.0.0.Final/hibernate-validator-8.0.0.Final.jar:/home/x_olivejo1/.m2/repository/jakarta/validation/jakarta.validation-api/3.0.2/jakarta.validation-api-3.0.2.jar:/home/x_olivejo1/.m2/repository/org/jboss/logging/jboss-logging/3.5.0.Final/jboss-logging-3.5.0.Final.jar:/home/x_olivejo1/.m2/repository/com/fasterxml/classmate/1.5.1/classmate-1.5.1.jar:"/>
    <property name="java.vm.vendor" value="Private Build"/>
    <property name="sun.arch.data.model" value="64"/>
    <property name="java.vendor.url" value="Unknown"/>
    <property name="user.country.format" value="BR"/>
    <property name="os.name" value="Linux"/>
    <property name="java.vm.specification.version" value="17"/>
    <property name="sun.java.launcher" value="SUN_STANDARD"/>
    <property name="user.country" value="US"/>
    <property name="sun.boot.library.path" value="/usr/lib/jvm/java-17-openjdk-amd64/lib"/>
    <property name="sun.java.command" value="/home/x_olivejo1/Documents/desafio-spring-main/target/surefire/surefirebooter13397529101976330281.jar /home/x_olivejo1/Documents/desafio-spring-main/target/surefire 2023-05-06T10-28-36_762-jvmRun1 surefire9370567531350829242tmp surefire_09000740923035441781tmp"/>
    <property name="jdk.debug" value="release"/>
    <property name="surefire.test.class.path" value="/home/x_olivejo1/Documents/desafio-spring-main/target/test-classes:/home/x_olivejo1/Documents/desafio-spring-main/target/classes:/home/x_olivejo1/.m2/repository/org/springframework/boot/spring-boot-starter-web/3.0.6/spring-boot-starter-web-3.0.6.jar:/home/x_olivejo1/.m2/repository/org/springframework/boot/spring-boot-starter/3.0.6/spring-boot-starter-3.0.6.jar:/home/x_olivejo1/.m2/repository/org/springframework/boot/spring-boot-starter-logging/3.0.6/spring-boot-starter-logging-3.0.6.jar:/home/x_olivejo1/.m2/repository/ch/qos/logback/logback-classic/1.4.7/logback-classic-1.4.7.jar:/home/x_olivejo1/.m2/repository/ch/qos/logback/logback-core/1.4.7/logback-core-1.4.7.jar:/home/x_olivejo1/.m2/repository/org/apache/logging/log4j/log4j-to-slf4j/2.19.0/log4j-to-slf4j-2.19.0.jar:/home/x_olivejo1/.m2/repository/org/apache/logging/log4j/log4j-api/2.19.0/log4j-api-2.19.0.jar:/home/x_olivejo1/.m2/repository/org/slf4j/jul-to-slf4j/2.0.7/jul-to-slf4j-2.0.7.jar:/home/x_olivejo1/.m2/repository/org/yaml/snakeyaml/1.33/snakeyaml-1.33.jar:/home/x_olivejo1/.m2/repository/org/springframework/boot/spring-boot-starter-json/3.0.6/spring-boot-starter-json-3.0.6.jar:/home/x_olivejo1/.m2/repository/com/fasterxml/jackson/datatype/jackson-datatype-jdk8/2.14.2/jackson-datatype-jdk8-2.14.2.jar:/home/x_olivejo1/.m2/repository/com/fasterxml/jackson/datatype/jackson-datatype-jsr310/2.14.2/jackson-datatype-jsr310-2.14.2.jar:/home/x_olivejo1/.m2/repository/com/fasterxml/jackson/module/jackson-module-parameter-names/2.14.2/jackson-module-parameter-names-2.14.2.jar:/home/x_olivejo1/.m2/repository/org/springframework/boot/spring-boot-starter-tomcat/3.0.6/spring-boot-starter-tomcat-3.0.6.jar:/home/x_olivejo1/.m2/repository/org/apache/tomcat/embed/tomcat-embed-core/10.1.8/tomcat-embed-core-10.1.8.jar:/home/x_olivejo1/.m2/repository/org/apache/tomcat/embed/tomcat-embed-websocket/10.1.8/tomcat-embed-websocket-10.1.8.jar:/home/x_olivejo1/.m2/repository/org/springframework/spring-web/6.0.8/spring-web-6.0.8.jar:/home/x_olivejo1/.m2/repository/org/springframework/spring-beans/6.0.8/spring-beans-6.0.8.jar:/home/x_olivejo1/.m2/repository/io/micrometer/micrometer-observation/1.10.6/micrometer-observation-1.10.6.jar:/home/x_olivejo1/.m2/repository/io/micrometer/micrometer-commons/1.10.6/micrometer-commons-1.10.6.jar:/home/x_olivejo1/.m2/repository/org/springframework/spring-webmvc/6.0.8/spring-webmvc-6.0.8.jar:/home/x_olivejo1/.m2/repository/org/springframework/spring-aop/6.0.8/spring-aop-6.0.8.jar:/home/x_olivejo1/.m2/repository/org/springframework/spring-context/6.0.8/spring-context-6.0.8.jar:/home/x_olivejo1/.m2/repository/org/springframework/spring-expression/6.0.8/spring-expression-6.0.8.jar:/home/x_olivejo1/.m2/repository/org/springframework/boot/spring-boot-devtools/3.0.6/spring-boot-devtools-3.0.6.jar:/home/x_olivejo1/.m2/repository/org/springframework/boot/spring-boot/3.0.6/spring-boot-3.0.6.jar:/home/x_olivejo1/.m2/repository/org/springframework/boot/spring-boot-autoconfigure/3.0.6/spring-boot-autoconfigure-3.0.6.jar:/home/x_olivejo1/.m2/repository/org/projectlombok/lombok/1.18.26/lombok-1.18.26.jar:/home/x_olivejo1/.m2/repository/org/springframework/boot/spring-boot-starter-test/3.0.6/spring-boot-starter-test-3.0.6.jar:/home/x_olivejo1/.m2/repository/org/springframework/boot/spring-boot-test/3.0.6/spring-boot-test-3.0.6.jar:/home/x_olivejo1/.m2/repository/org/springframework/boot/spring-boot-test-autoconfigure/3.0.6/spring-boot-test-autoconfigure-3.0.6.jar:/home/x_olivejo1/.m2/repository/com/jayway/jsonpath/json-path/2.7.0/json-path-2.7.0.jar:/home/x_olivejo1/.m2/repository/net/minidev/json-smart/2.4.10/json-smart-2.4.10.jar:/home/x_olivejo1/.m2/repository/net/minidev/accessors-smart/2.4.9/accessors-smart-2.4.9.jar:/home/x_olivejo1/.m2/repository/org/ow2/asm/asm/9.3/asm-9.3.jar:/home/x_olivejo1/.m2/repository/jakarta/xml/bind/jakarta.xml.bind-api/4.0.0/jakarta.xml.bind-api-4.0.0.jar:/home/x_olivejo1/.m2/repository/jakarta/activation/jakarta.activation-api/2.1.1/jakarta.activation-api-2.1.1.jar:/home/x_olivejo1/.m2/repository/org/assertj/assertj-core/3.23.1/assertj-core-3.23.1.jar:/home/x_olivejo1/.m2/repository/net/bytebuddy/byte-buddy/1.12.23/byte-buddy-1.12.23.jar:/home/x_olivejo1/.m2/repository/org/hamcrest/hamcrest/2.2/hamcrest-2.2.jar:/home/x_olivejo1/.m2/repository/org/junit/jupiter/junit-jupiter/5.9.2/junit-jupiter-5.9.2.jar:/home/x_olivejo1/.m2/repository/org/junit/jupiter/junit-jupiter-api/5.9.2/junit-jupiter-api-5.9.2.jar:/home/x_olivejo1/.m2/repository/org/opentest4j/opentest4j/1.2.0/opentest4j-1.2.0.jar:/home/x_olivejo1/.m2/repository/org/junit/platform/junit-platform-commons/1.9.2/junit-platform-commons-1.9.2.jar:/home/x_olivejo1/.m2/repository/org/apiguardian/apiguardian-api/1.1.2/apiguardian-api-1.1.2.jar:/home/x_olivejo1/.m2/repository/org/junit/jupiter/junit-jupiter-params/5.9.2/junit-jupiter-params-5.9.2.jar:/home/x_olivejo1/.m2/repository/org/junit/jupiter/junit-jupiter-engine/5.9.2/junit-jupiter-engine-5.9.2.jar:/home/x_olivejo1/.m2/repository/org/junit/platform/junit-platform-engine/1.9.2/junit-platform-engine-1.9.2.jar:/home/x_olivejo1/.m2/repository/org/mockito/mockito-core/4.8.1/mockito-core-4.8.1.jar:/home/x_olivejo1/.m2/repository/net/bytebuddy/byte-buddy-agent/1.12.23/byte-buddy-agent-1.12.23.jar:/home/x_olivejo1/.m2/repository/org/objenesis/objenesis/3.2/objenesis-3.2.jar:/home/x_olivejo1/.m2/repository/org/mockito/mockito-junit-jupiter/4.8.1/mockito-junit-jupiter-4.8.1.jar:/home/x_olivejo1/.m2/repository/org/skyscreamer/jsonassert/1.5.1/jsonassert-1.5.1.jar:/home/x_olivejo1/.m2/repository/com/vaadin/external/google/android-json/0.0.20131108.vaadin1/android-json-0.0.20131108.vaadin1.jar:/home/x_olivejo1/.m2/repository/org/springframework/spring-core/6.0.8/spring-core-6.0.8.jar:/home/x_olivejo1/.m2/repository/org/springframework/spring-jcl/6.0.8/spring-jcl-6.0.8.jar:/home/x_olivejo1/.m2/repository/org/springframework/spring-test/6.0.8/spring-test-6.0.8.jar:/home/x_olivejo1/.m2/repository/org/xmlunit/xmlunit-core/2.9.1/xmlunit-core-2.9.1.jar:/home/x_olivejo1/.m2/repository/jakarta/ws/rs/jakarta.ws.rs-api/3.1.0/jakarta.ws.rs-api-3.1.0.jar:/home/x_olivejo1/.m2/repository/com/google/code/gson/gson/2.10.1/gson-2.10.1.jar:/home/x_olivejo1/.m2/repository/com/google/maps/google-maps-services/2.2.0/google-maps-services-2.2.0.jar:/home/x_olivejo1/.m2/repository/com/squareup/okhttp3/okhttp/4.10.0/okhttp-4.10.0.jar:/home/x_olivejo1/.m2/repository/com/squareup/okio/okio-jvm/3.0.0/okio-jvm-3.0.0.jar:/home/x_olivejo1/.m2/repository/org/jetbrains/kotlin/kotlin-stdlib-jdk8/1.7.22/kotlin-stdlib-jdk8-1.7.22.jar:/home/x_olivejo1/.m2/repository/org/jetbrains/kotlin/kotlin-stdlib-jdk7/1.7.22/kotlin-stdlib-jdk7-1.7.22.jar:/home/x_olivejo1/.m2/repository/org/jetbrains/kotlin/kotlin-stdlib-common/1.7.22/kotlin-stdlib-common-1.7.22.jar:/home/x_olivejo1/.m2/repository/org/jetbrains/kotlin/kotlin-stdlib/1.7.22/kotlin-stdlib-1.7.22.jar:/home/x_olivejo1/.m2/repository/org/jetbrains/annotations/13.0/annotations-13.0.jar:/home/x_olivejo1/.m2/repository/io/opencensus/opencensus-api/0.31.0/opencensus-api-0.31.0.jar:/home/x_olivejo1/.m2/repository/io/grpc/grpc-context/1.27.2/grpc-context-1.27.2.jar:/home/x_olivejo1/.m2/repository/org/slf4j/slf4j-api/2.0.7/slf4j-api-2.0.7.jar:/home/x_olivejo1/.m2/repository/org/slf4j/slf4j-simple/1.7.25/slf4j-simple-1.7.25.jar:/home/x_olivejo1/.m2/repository/javax/ws/rs/javax.ws.rs-api/2.0/javax.ws.rs-api-2.0.jar:/home/x_olivejo1/.m2/repository/com/fasterxml/jackson/dataformat/jackson-dataformat-xml/2.14.2/jackson-dataformat-xml-2.14.2.jar:/home/x_olivejo1/.m2/repository/com/fasterxml/jackson/core/jackson-core/2.14.2/jackson-core-2.14.2.jar:/home/x_olivejo1/.m2/repository/com/fasterxml/jackson/core/jackson-annotations/2.14.2/jackson-annotations-2.14.2.jar:/home/x_olivejo1/.m2/repository/com/fasterxml/jackson/core/jackson-databind/2.14.2/jackson-databind-2.14.2.jar:/home/x_olivejo1/.m2/repository/org/codehaus/woodstox/stax2-api/4.2.1/stax2-api-4.2.1.jar:/home/x_olivejo1/.m2/repository/com/fasterxml/woodstox/woodstox-core/6.5.0/woodstox-core-6.5.0.jar:/home/x_olivejo1/.m2/repository/org/glassfish/jersey/core/jersey-common/3.1.1/jersey-common-3.1.1.jar:/home/x_olivejo1/.m2/repository/jakarta/annotation/jakarta.annotation-api/2.1.1/jakarta.annotation-api-2.1.1.jar:/home/x_olivejo1/.m2/repository/jakarta/inject/jakarta.inject-api/2.0.1/jakarta.inject-api-2.0.1.jar:/home/x_olivejo1/.m2/repository/org/glassfish/hk2/osgi-resource-locator/1.0.3/osgi-resource-locator-1.0.3.jar:/home/x_olivejo1/.m2/repository/org/springframework/boot/spring-boot-starter-validation/3.0.6/spring-boot-starter-validation-3.0.6.jar:/home/x_olivejo1/.m2/repository/org/apache/tomcat/embed/tomcat-embed-el/10.1.8/tomcat-embed-el-10.1.8.jar:/home/x_olivejo1/.m2/repository/org/hibernate/validator/hibernate-validator/8.0.0.Final/hibernate-validator-8.0.0.Final.jar:/home/x_olivejo1/.m2/repository/jakarta/validation/jakarta.validation-api/3.0.2/jakarta.validation-api-3.0.2.jar:/home/x_olivejo1/.m2/repository/org/jboss/logging/jboss-logging/3.5.0.Final/jboss-logging-3.5.0.Final.jar:/home/x_olivejo1/.m2/repository/com/fasterxml/classmate/1.5.1/classmate-1.5.1.jar:"/>
    <property name="sun.cpu.endian" value="little"/>
    <property name="user.home" value="/home/x_olivejo1"/>
    <property name="user.language" value="en"/>
    <property name="java.specification.vendor" value="Oracle Corporation"/>
    <property name="java.version.date" value="2023-01-17"/>
    <property name="java.home" value="/usr/lib/jvm/java-17-openjdk-amd64"/>
    <property name="file.separator" value="/"/>
    <property name="basedir" value="/home/x_olivejo1/Documents/desafio-spring-main"/>
    <property name="java.vm.compressedOopsMode" value="Zero based"/>
    <property name="line.separator" value="&#10;"/>
    <property name="java.specification.name" value="Java Platform API Specification"/>
    <property name="java.vm.specification.vendor" value="Oracle Corporation"/>
    <property name="surefire.real.class.path" value="/home/x_olivejo1/Documents/desafio-spring-main/target/surefire/surefirebooter13397529101976330281.jar"/>
    <property name="sun.management.compiler" value="HotSpot 64-Bit Tiered Compilers"/>
    <property name="java.runtime.version" value="17.0.6+10-Ubuntu-0ubuntu120.04.1"/>
    <property name="user.name" value="x_olivejo1"/>
    <property name="path.separator" value=":"/>
    <property name="os.version" value="5.15.0-71-generic"/>
    <property name="java.runtime.name" value="OpenJDK Runtime Environment"/>
    <property name="file.encoding" value="UTF-8"/>
    <property name="java.vm.name" value="OpenJDK 64-Bit Server VM"/>
    <property name="localRepository" value="/home/x_olivejo1/.m2/repository"/>
    <property name="java.vendor.url.bug" value="Unknown"/>
    <property name="java.io.tmpdir" value="/tmp"/>
    <property name="idea.version" value="2023.1.1"/>
    <property name="java.version" value="17.0.6"/>
    <property name="user.dir" value="/home/x_olivejo1/Documents/desafio-spring-main"/>
    <property name="os.arch" value="amd64"/>
    <property name="java.vm.specification.name" value="Java Virtual Machine Specification"/>
    <property name="user.language.format" value="pt"/>
    <property name="native.encoding" value="UTF-8"/>
    <property name="java.library.path" value="/usr/java/packages/lib:/usr/lib/x86_64-linux-gnu/jni:/lib/x86_64-linux-gnu:/usr/lib/x86_64-linux-gnu:/usr/lib/jni:/lib:/usr/lib"/>
    <property name="java.vm.info" value="mixed mode, sharing"/>
    <property name="java.vendor" value="Private Build"/>
    <property name="java.vm.version" value="17.0.6+10-Ubuntu-0ubuntu120.04.1"/>
    <property name="sun.io.unicode.encoding" value="UnicodeLittle"/>
    <property name="java.class.version" value="61.0"/>
  </properties>
  <testcase name="shouldReturnBadRequestWithEmptyBody" classname="com.jonathan.github.addressapi.rest.resources.AddressResourcesTest" time="0.112">
    <failure message="No value at JSON path &quot;$.errorMessage&quot;" type="java.lang.AssertionError">java.lang.AssertionError: No value at JSON path "$.errorMessage"
	at com.jonathan.github.addressapi.rest.resources.AddressResourcesTest.shouldReturnBadRequestWithEmptyBody(AddressResourcesTest.java:35)
Caused by: java.lang.IllegalArgumentException: json can not be null or empty
	at com.jonathan.github.addressapi.rest.resources.AddressResourcesTest.shouldReturnBadRequestWithEmptyBody(AddressResourcesTest.java:35)
</failure>
    <system-out><![CDATA[2023-05-06T10:28:41.155-03:00  INFO 15145 --- [           main] t.c.s.AnnotationConfigContextLoaderUtils : Could not detect default configuration classes for test class [com.jonathan.github.addressapi.rest.resources.AddressResourcesTest]: AddressResourcesTest does not declare any static, non-private, non-final, nested classes annotated with @Configuration.
2023-05-06T10:28:41.200-03:00  INFO 15145 --- [           main] .b.t.c.SpringBootTestContextBootstrapper : Found @SpringBootConfiguration com.jonathan.github.addressapi.AddressApiApplication for test class com.jonathan.github.addressapi.rest.resources.AddressResourcesTest

  .   ____          _            __ _ _
 /\\ / ___'_ __ _ _(_)_ __  __ _ \ \ \ \
( ( )\___ | '_ | '_| | '_ \/ _` | \ \ \ \
 \\/  ___)| |_)| | | | | || (_| |  ) ) ) )
  '  |____| .__|_| |_|_| |_\__, | / / / /
 =========|_|==============|___/=/_/_/_/
 :: Spring Boot ::                (v3.0.6)

2023-05-06T10:28:41.260-03:00  INFO 15145 --- [           main] c.j.g.a.r.r.AddressResourcesTest         : Starting AddressResourcesTest using Java 17.0.6 with PID 15145 (started by x_olivejo1 in /home/x_olivejo1/Documents/desafio-spring-main)
2023-05-06T10:28:41.260-03:00  INFO 15145 --- [           main] c.j.g.a.r.r.AddressResourcesTest         : No active profile set, falling back to 1 default profile: "default"
2023-05-06T10:28:41.804-03:00  INFO 15145 --- [           main] o.s.b.t.m.w.SpringBootMockServletContext : Initializing Spring TestDispatcherServlet ''
2023-05-06T10:28:41.805-03:00  INFO 15145 --- [           main] o.s.t.web.servlet.TestDispatcherServlet  : Initializing Servlet ''
2023-05-06T10:28:41.809-03:00  INFO 15145 --- [           main] o.s.t.web.servlet.TestDispatcherServlet  : Completed initialization in 1 ms
2023-05-06T10:28:41.821-03:00  INFO 15145 --- [           main] c.j.g.a.r.r.AddressResourcesTest         : Started AddressResourcesTest in 0.613 seconds (process running for 4.789)
2023-05-06T10:28:41.891-03:00  WARN 15145 --- [           main] .w.s.m.s.DefaultHandlerExceptionResolver : Resolved [org.springframework.http.converter.HttpMessageNotReadableException: Required request body is missing: public java.util.List<com.jonathan.github.addressapi.rest.DTO.ResponseAddressDTO> com.jonathan.github.addressapi.rest.resources.AddressResources.getAddressInformation(java.util.List<com.jonathan.github.addressapi.rest.DTO.AddressDTO>) throws java.io.IOException,java.net.URISyntaxException]

MockHttpServletRequest:
      HTTP Method = GET
      Request URI = /api/address
       Parameters = {}
          Headers = [Accept:"application/json"]
             Body = null
    Session Attrs = {}

Handler:
             Type = com.jonathan.github.addressapi.rest.resources.AddressResources
           Method = com.jonathan.github.addressapi.rest.resources.AddressResources#getAddressInformation(List)

Async:
    Async started = false
     Async result = null

Resolved Exception:
             Type = org.springframework.http.converter.HttpMessageNotReadableException

ModelAndView:
        View name = null
             View = null
            Model = null

FlashMap:
       Attributes = null

MockHttpServletResponse:
           Status = 400
    Error message = null
          Headers = []
     Content type = null
             Body = 
    Forwarded URL = null
   Redirected URL = null
          Cookies = []
]]></system-out>
  </testcase>
</testsuite>